2018-11-24 16:25:41,132 INFO  [org.jboss.modules] (main) JBoss Modules version 1.8.6.Final
2018-11-24 16:25:42,319 INFO  [org.jboss.msc] (main) JBoss MSC version 1.4.3.Final
2018-11-24 16:25:42,340 INFO  [org.jboss.threads] (main) JBoss Threads version 2.3.2.Final
2018-11-24 16:25:42,528 INFO  [org.jboss.as] (MSC service thread 1-2) WFLYSRV0049: WildFly Full 14.0.1.Final (WildFly Core 6.0.2.Final) starting
2018-11-24 16:25:42,528 DEBUG [org.jboss.as.config] (MSC service thread 1-2) Configured system properties:
	awt.toolkit = sun.awt.windows.WToolkit
	file.encoding = Cp1252
	file.encoding.pkg = sun.io
	file.separator = \
	java.awt.graphicsenv = sun.awt.Win32GraphicsEnvironment
	java.awt.headless = true
	java.awt.printerjob = sun.awt.windows.WPrinterJob
	java.class.path = C:\Users\Vahflouz\Documents\Info M2\Semestre 9\Programmation par composants\wildfly-14.0.1.Final\jboss-modules.jar
	java.class.version = 52.0
	java.endorsed.dirs = C:\Program Files\Java\jre1.8.0_191\lib\endorsed
	java.ext.dirs = C:\Program Files\Java\jre1.8.0_191\lib\ext;C:\WINDOWS\Sun\Java\lib\ext
	java.home = C:\Program Files\Java\jre1.8.0_191
	java.io.tmpdir = C:\Users\Vahflouz\AppData\Local\Temp\
	java.library.path = C:\Program Files\Java\jre1.8.0_191\bin;C:\WINDOWS\Sun\Java\bin;C:\WINDOWS\system32;C:\WINDOWS;native;C:/Program Files/Java/jre1.8.0_191/bin/server;C:/Program Files/Java/jre1.8.0_191/bin;C:/Program Files/Java/jre1.8.0_191/lib/amd64;C:\Program Files (x86)\Common Files\Oracle\Java\javapath;C:\Program Files (x86)\Intel\iCLS Client\;C:\Program Files\Intel\iCLS Client\;C:\Program Files (x86)\Razer Chroma SDK\bin;C:\Program Files\Razer Chroma SDK\bin;C:\Windows\system32;C:\Windows;C:\Windows\System32\Wbem;C:\Windows\System32\WindowsPowerShell\v1.0\;C:\Program Files (x86)\Intel\Intel(R) Management Engine Components\DAL;C:\Program Files\Intel\Intel(R) Management Engine Components\DAL;C:\Program Files (x86)\Intel\Intel(R) Management Engine Components\IPT;C:\Program Files\Intel\Intel(R) Management Engine Components\IPT;C:\WINDOWS\system32;C:\WINDOWS;C:\WINDOWS\System32\Wbem;C:\WINDOWS\System32\WindowsPowerShell\v1.0\;C:\WINDOWS\System32\OpenSSH\;C:\Program Files\PuTTY\;C:\Program Files\Git\cmd;C:\Program Files (x86)\AOMEI Backupper;C:\gradle\gradle-4.10.1\bin\;C:\Users\Vahflouz\AppData\Local\Microsoft\WindowsApps;C:\Users\Vahflouz\AppData\Local\GitHubDesktop\bin;C:\Program Files\Java\jre1.8.0_181\bin\;;C:\Users\Vahflouz\eclipse\java-2018-09\eclipse;;.
	java.net.preferIPv4Stack = true
	java.runtime.name = Java(TM) SE Runtime Environment
	java.runtime.version = 1.8.0_191-b12
	java.specification.name = Java Platform API Specification
	java.specification.vendor = Oracle Corporation
	java.specification.version = 1.8
	java.util.logging.manager = org.jboss.logmanager.LogManager
	java.vendor = Oracle Corporation
	java.vendor.url = http://java.oracle.com/
	java.vendor.url.bug = http://bugreport.sun.com/bugreport/
	java.version = 1.8.0_191
	java.vm.info = mixed mode
	java.vm.name = Java HotSpot(TM) 64-Bit Server VM
	java.vm.specification.name = Java Virtual Machine Specification
	java.vm.specification.vendor = Oracle Corporation
	java.vm.specification.version = 1.8
	java.vm.vendor = Oracle Corporation
	java.vm.version = 25.191-b12
	javax.management.builder.initial = org.jboss.as.jmx.PluggableMBeanServerBuilder
	jboss.bind.address = localhost
	jboss.bind.address.management = localhost
	jboss.home.dir = C:\Users\Vahflouz\Documents\Info M2\Semestre 9\Programmation par composants\wildfly-14.0.1.Final
	jboss.host.name = razerbs
	jboss.modules.dir = C:\Users\Vahflouz\Documents\Info M2\Semestre 9\Programmation par composants\wildfly-14.0.1.Final\modules
	jboss.modules.system.pkgs = org.jboss.byteman
	jboss.node.name = razerbs
	jboss.qualified.host.name = razerbs
	jboss.server.base.dir = C:\Users\Vahflouz\Documents\Info M2\Semestre 9\Programmation par composants\wildfly-14.0.1.Final\standalone
	jboss.server.config.dir = C:\Users\Vahflouz\Documents\Info M2\Semestre 9\Programmation par composants\wildfly-14.0.1.Final\standalone\configuration
	jboss.server.data.dir = C:\Users\Vahflouz\Documents\Info M2\Semestre 9\Programmation par composants\wildfly-14.0.1.Final\standalone\data
	jboss.server.deploy.dir = C:\Users\Vahflouz\Documents\Info M2\Semestre 9\Programmation par composants\wildfly-14.0.1.Final\standalone\data\content
	jboss.server.log.dir = C:\Users\Vahflouz\Documents\Info M2\Semestre 9\Programmation par composants\wildfly-14.0.1.Final\standalone\log
	jboss.server.name = razerbs
	jboss.server.persist.config = true
	jboss.server.temp.dir = C:\Users\Vahflouz\Documents\Info M2\Semestre 9\Programmation par composants\wildfly-14.0.1.Final\standalone\tmp
	line.separator = 

	logging.configuration = file:C:\Users\Vahflouz\Documents\Info M2\Semestre 9\Programmation par composants\wildfly-14.0.1.Final\standalone\configuration\logging.properties
	module.path = C:\Users\Vahflouz\Documents\Info M2\Semestre 9\Programmation par composants\wildfly-14.0.1.Final\modules
	org.jboss.boot.log.file = C:\Users\Vahflouz\Documents\Info M2\Semestre 9\Programmation par composants\wildfly-14.0.1.Final\standalone\log\boot.log
	org.jboss.logmanager.nocolor = true
	org.jboss.resolver.warning = true
	os.arch = amd64
	os.name = Windows 10
	os.version = 10.0
	path.separator = ;
	program.name = JBossTools: WildFly 14
	sun.arch.data.model = 64
	sun.boot.class.path = C:\Program Files\Java\jre1.8.0_191\lib\resources.jar;C:\Program Files\Java\jre1.8.0_191\lib\rt.jar;C:\Program Files\Java\jre1.8.0_191\lib\sunrsasign.jar;C:\Program Files\Java\jre1.8.0_191\lib\jsse.jar;C:\Program Files\Java\jre1.8.0_191\lib\jce.jar;C:\Program Files\Java\jre1.8.0_191\lib\charsets.jar;C:\Program Files\Java\jre1.8.0_191\lib\jfr.jar;C:\Program Files\Java\jre1.8.0_191\classes
	sun.boot.library.path = C:\Program Files\Java\jre1.8.0_191\bin
	sun.cpu.endian = little
	sun.cpu.isalist = amd64
	sun.desktop = windows
	sun.io.unicode.encoding = UnicodeLittle
	sun.java.command = org.jboss.modules.Main -mp C:\Users\Vahflouz\Documents\Info M2\Semestre 9\Programmation par composants\wildfly-14.0.1.Final\modules org.jboss.as.standalone -b localhost --server-config=standalone-full.xml -Djboss.server.base.dir=C:\Users\Vahflouz\Documents\Info M2\Semestre 9\Programmation par composants\wildfly-14.0.1.Final\standalone
	sun.java.launcher = SUN_STANDARD
	sun.jnu.encoding = Cp1252
	sun.management.compiler = HotSpot 64-Bit Tiered Compilers
	sun.os.patch.level = 
	sun.rmi.dgc.client.gcInterval = 3600000
	sun.rmi.dgc.server.gcInterval = 3600000
	user.country = FR
	user.dir = C:\Users\Vahflouz\Documents\Info M2\Semestre 9\Programmation par composants\wildfly-14.0.1.Final\bin
	user.home = C:\Users\Vahflouz
	user.language = fr
	user.name = Vahflouz
	user.script = 
	user.timezone = Europe/Paris
	user.variant = 
2018-11-24 16:25:42,528 DEBUG [org.jboss.as.config] (MSC service thread 1-2) VM Arguments: -Dprogram.name=JBossTools: WildFly 14 -Xms64m -Xmx512m -Dorg.jboss.resolver.warning=true -Djava.net.preferIPv4Stack=true -Dsun.rmi.dgc.client.gcInterval=3600000 -Dsun.rmi.dgc.server.gcInterval=3600000 -Djboss.modules.system.pkgs=org.jboss.byteman -Djava.awt.headless=true -Dorg.jboss.boot.log.file=C:\Users\Vahflouz\Documents\Info M2\Semestre 9\Programmation par composants\wildfly-14.0.1.Final\standalone\log\boot.log -Dlogging.configuration=file:C:\Users\Vahflouz\Documents\Info M2\Semestre 9\Programmation par composants\wildfly-14.0.1.Final\standalone\configuration\logging.properties -Djboss.home.dir=C:\Users\Vahflouz\Documents\Info M2\Semestre 9\Programmation par composants\wildfly-14.0.1.Final -Dorg.jboss.logmanager.nocolor=true -Djboss.bind.address.management=localhost -Dfile.encoding=Cp1252 
2018-11-24 16:25:44,027 INFO  [org.wildfly.security] (ServerService Thread Pool -- 28) ELY00001: WildFly Elytron version 1.6.0.Final
2018-11-24 16:25:44,832 INFO  [org.jboss.as.controller.management-deprecated] (Controller Boot Thread) WFLYCTL0028: Attribute 'security-realm' in the resource at address '/core-service=management/management-interface=http-interface' is deprecated, and may be removed in a future version. See the attribute description in the output of the read-resource-description operation to learn more about the deprecation.
2018-11-24 16:25:44,848 INFO  [org.jboss.as.controller.management-deprecated] (ServerService Thread Pool -- 8) WFLYCTL0028: Attribute 'security-realm' in the resource at address '/subsystem=undertow/server=default-server/https-listener=https' is deprecated, and may be removed in a future version. See the attribute description in the output of the read-resource-description operation to learn more about the deprecation.
2018-11-24 16:25:44,941 INFO  [org.jboss.as.server.deployment.scanner] (DeploymentScanner-threads - 1) WFLYDS0004: Found Site_TP.jar in deployment directory. To trigger deployment create a file called Site_TP.jar.dodeploy
2018-11-24 16:25:45,004 INFO  [org.jboss.as.server] (Controller Boot Thread) WFLYSRV0039: Creating http management service using socket-binding (management-http)
2018-11-24 16:25:45,035 INFO  [org.xnio] (MSC service thread 1-4) XNIO version 3.6.5.Final
2018-11-24 16:25:45,051 INFO  [org.xnio.nio] (MSC service thread 1-4) XNIO NIO Implementation Version 3.6.5.Final
2018-11-24 16:25:45,113 WARN  [org.jboss.as.txn] (ServerService Thread Pool -- 74) WFLYTX0013: The node-identifier attribute on the /subsystem=transactions is set to the default value. This is a danger for environments running multiple servers. Please make sure the attribute value is unique.
2018-11-24 16:25:45,118 INFO  [org.jboss.as.webservices] (ServerService Thread Pool -- 76) WFLYWS0002: Activating WebServices Extension
2018-11-24 16:25:45,118 INFO  [org.jboss.as.security] (ServerService Thread Pool -- 72) WFLYSEC0002: Activating Security Subsystem
2018-11-24 16:25:45,180 INFO  [org.wildfly.extension.microprofile.config.smallrye._private] (ServerService Thread Pool -- 63) WFLYCONF0001: Activating WildFly MicroProfile Config Subsystem
2018-11-24 16:25:45,180 INFO  [org.wildfly.iiop.openjdk] (ServerService Thread Pool -- 51) WFLYIIOP0001: Activating IIOP Subsystem
2018-11-24 16:25:45,180 INFO  [org.wildfly.extension.microprofile.opentracing] (ServerService Thread Pool -- 65) WFLYTRACEXT0001: Activating MicroProfile OpenTracing Subsystem
2018-11-24 16:25:45,165 INFO  [org.jboss.as.security] (MSC service thread 1-3) WFLYSEC0001: Current PicketBox version=5.0.3.Final
2018-11-24 16:25:45,196 INFO  [org.jboss.as.naming] (ServerService Thread Pool -- 66) WFLYNAM0001: Activating Naming Subsystem
2018-11-24 16:25:45,196 INFO  [org.wildfly.extension.io] (ServerService Thread Pool -- 53) WFLYIO001: Worker 'default' has auto-configured to 8 core threads with 64 task threads based on your 4 available processors
2018-11-24 16:25:45,212 INFO  [org.jboss.as.clustering.infinispan] (ServerService Thread Pool -- 52) WFLYCLINF0001: Activating Infinispan subsystem.
2018-11-24 16:25:45,212 INFO  [org.jboss.as.jaxrs] (ServerService Thread Pool -- 54) WFLYRS0016: RESTEasy version 3.6.1.Final
2018-11-24 16:25:45,227 INFO  [org.jboss.as.jsf] (ServerService Thread Pool -- 59) WFLYJSF0007: Activated the following JSF Implementations: [main]
2018-11-24 16:25:45,227 INFO  [org.wildfly.extension.microprofile.health.smallrye] (ServerService Thread Pool -- 64) WFLYHEALTH0001: Activating Eclipse MicroProfile Health Subsystem
2018-11-24 16:25:45,305 INFO  [org.wildfly.extension.undertow] (MSC service thread 1-7) WFLYUT0003: Undertow 2.0.13.Final starting
2018-11-24 16:25:45,321 INFO  [org.jboss.as.connector] (MSC service thread 1-4) WFLYJCA0009: Starting JCA Subsystem (WildFly/IronJacamar 1.4.11.Final)
2018-11-24 16:25:45,321 INFO  [org.jboss.as.mail.extension] (MSC service thread 1-7) WFLYMAIL0002: Unbound mail session [java:jboss/mail/Default]
2018-11-24 16:25:45,368 INFO  [org.jboss.as.naming] (MSC service thread 1-1) WFLYNAM0003: Starting Naming Service
2018-11-24 16:25:45,384 INFO  [org.jboss.as.connector.subsystems.datasources] (ServerService Thread Pool -- 44) WFLYJCA0004: Deploying JDBC-compliant driver class org.h2.Driver (version 1.4)
2018-11-24 16:25:45,384 INFO  [org.jboss.as.mail.extension] (MSC service thread 1-1) WFLYMAIL0001: Bound mail session [java:jboss/mail/Default]
2018-11-24 16:25:45,524 INFO  [org.jboss.remoting] (MSC service thread 1-7) JBoss Remoting version 5.0.8.Final
2018-11-24 16:25:45,540 INFO  [org.jboss.as.connector.deployers.jdbc] (MSC service thread 1-1) WFLYJCA0018: Started Driver service with driver-name = h2
2018-11-24 16:25:45,649 WARN  [org.apache.activemq.artemis.core.server] (ServerService Thread Pool -- 62) AMQ222269: Please use a fixed value for "journal-pool-files". Default changed per https://issues.apache.org/jira/browse/ARTEMIS-1628
2018-11-24 16:25:45,649 INFO  [org.apache.activemq.artemis.core.server] (ServerService Thread Pool -- 62) AMQ221075: Usage of wildcardRoutingEnabled configuration property is deprecated, please use wildCardConfiguration.enabled instead
2018-11-24 16:25:45,712 INFO  [org.jboss.as.connector.subsystems.datasources] (MSC service thread 1-4) WFLYJCA0010: Unbound data source [java:jboss/datasources/ExampleDS]
2018-11-24 16:25:45,743 INFO  [org.jboss.as.ejb3] (MSC service thread 1-6) WFLYEJB0482: Strict pool mdb-strict-max-pool is using a max instance size of 16 (per class), which is derived from the number of CPUs on this host.
2018-11-24 16:25:45,743 INFO  [org.jboss.as.ejb3] (MSC service thread 1-7) WFLYEJB0481: Strict pool slsb-strict-max-pool is using a max instance size of 64 (per class), which is derived from thread worker pool sizing.
2018-11-24 16:25:45,790 INFO  [org.wildfly.extension.undertow] (ServerService Thread Pool -- 75) WFLYUT0014: Creating file handler for path 'C:\Users\Vahflouz\Documents\Info M2\Semestre 9\Programmation par composants\wildfly-14.0.1.Final/welcome-content' with options [directory-listing: 'false', follow-symlink: 'false', case-sensitive: 'true', safe-symlink-paths: '[]']
2018-11-24 16:25:45,821 INFO  [org.wildfly.extension.undertow] (MSC service thread 1-2) WFLYUT0012: Started server default-server.
2018-11-24 16:25:45,821 INFO  [org.wildfly.extension.undertow] (MSC service thread 1-6) WFLYUT0018: Host default-host starting
2018-11-24 16:25:46,399 INFO  [org.wildfly.extension.undertow] (MSC service thread 1-2) WFLYUT0006: Undertow HTTP listener default listening on 127.0.0.1:8080
2018-11-24 16:25:46,501 INFO  [org.jboss.as.ejb3] (MSC service thread 1-7) WFLYEJB0493: EJB subsystem suspension complete
2018-11-24 16:25:46,517 INFO  [org.wildfly.extension.messaging-activemq] (MSC service thread 1-2) WFLYMSGAMQ0001: AIO wasn't located on this platform, it will fall back to using pure Java NIO.
2018-11-24 16:25:46,548 INFO  [org.jboss.as.patching] (MSC service thread 1-3) WFLYPAT0050: WildFly Full cumulative patch ID is: base, one-off patches include: none
2018-11-24 16:25:46,579 WARN  [org.jboss.as.domain.management.security] (MSC service thread 1-3) WFLYDM0111: Keystore C:\Users\Vahflouz\Documents\Info M2\Semestre 9\Programmation par composants\wildfly-14.0.1.Final\standalone\configuration\application.keystore not found, it will be auto generated on first use with a self signed certificate for host localhost
